{"/Users/mikhailbobrov/Desktop/CB/js_task_2/src/task_1/index.js": {"path":"/Users/mikhailbobrov/Desktop/CB/js_task_2/src/task_1/index.js","statementMap":{"0":{"start":{"line":23,"column":23},"end":{"line":23,"column":79}},"1":{"start":{"line":24,"column":23},"end":{"line":24,"column":50}},"2":{"start":{"line":25,"column":23},"end":{"line":25,"column":55}},"3":{"start":{"line":27,"column":12},"end":{"line":27,"column":14}},"4":{"start":{"line":29,"column":1},"end":{"line":37,"column":2}},"5":{"start":{"line":30,"column":2},"end":{"line":30,"column":21}},"6":{"start":{"line":32,"column":6},"end":{"line":37,"column":2}},"7":{"start":{"line":33,"column":2},"end":{"line":33,"column":21}},"8":{"start":{"line":36,"column":2},"end":{"line":36,"column":14}},"9":{"start":{"line":39,"column":1},"end":{"line":46,"column":2}},"10":{"start":{"line":40,"column":2},"end":{"line":40,"column":19}},"11":{"start":{"line":41,"column":8},"end":{"line":46,"column":2}},"12":{"start":{"line":42,"column":2},"end":{"line":42,"column":14}},"13":{"start":{"line":45,"column":2},"end":{"line":45,"column":14}},"14":{"start":{"line":48,"column":1},"end":{"line":56,"column":2}},"15":{"start":{"line":49,"column":2},"end":{"line":49,"column":21}},"16":{"start":{"line":51,"column":6},"end":{"line":56,"column":2}},"17":{"start":{"line":52,"column":2},"end":{"line":52,"column":21}},"18":{"start":{"line":55,"column":2},"end":{"line":55,"column":14}},"19":{"start":{"line":58,"column":1},"end":{"line":62,"column":2}},"20":{"start":{"line":59,"column":2},"end":{"line":61,"column":3}},"21":{"start":{"line":60,"column":3},"end":{"line":60,"column":15}},"22":{"start":{"line":64,"column":1},"end":{"line":64,"column":22}},"23":{"start":{"line":65,"column":1},"end":{"line":65,"column":12}},"24":{"start":{"line":68,"column":18},"end":{"line":68,"column":20}},"25":{"start":{"line":69,"column":0},"end":{"line":69,"column":25}}},"fnMap":{"0":{"name":"add","decl":{"start":{"line":22,"column":9},"end":{"line":22,"column":12}},"loc":{"start":{"line":22,"column":44},"end":{"line":66,"column":1}},"line":22}},"branchMap":{"0":{"loc":{"start":{"line":29,"column":1},"end":{"line":37,"column":2}},"type":"if","locations":[{"start":{"line":29,"column":1},"end":{"line":37,"column":2}},{"start":{"line":29,"column":1},"end":{"line":37,"column":2}}],"line":29},"1":{"loc":{"start":{"line":32,"column":6},"end":{"line":37,"column":2}},"type":"if","locations":[{"start":{"line":32,"column":6},"end":{"line":37,"column":2}},{"start":{"line":32,"column":6},"end":{"line":37,"column":2}}],"line":32},"2":{"loc":{"start":{"line":39,"column":1},"end":{"line":46,"column":2}},"type":"if","locations":[{"start":{"line":39,"column":1},"end":{"line":46,"column":2}},{"start":{"line":39,"column":1},"end":{"line":46,"column":2}}],"line":39},"3":{"loc":{"start":{"line":39,"column":5},"end":{"line":39,"column":48}},"type":"binary-expr","locations":[{"start":{"line":39,"column":5},"end":{"line":39,"column":29}},{"start":{"line":39,"column":33},"end":{"line":39,"column":48}}],"line":39},"4":{"loc":{"start":{"line":41,"column":8},"end":{"line":46,"column":2}},"type":"if","locations":[{"start":{"line":41,"column":8},"end":{"line":46,"column":2}},{"start":{"line":41,"column":8},"end":{"line":46,"column":2}}],"line":41},"5":{"loc":{"start":{"line":48,"column":1},"end":{"line":56,"column":2}},"type":"if","locations":[{"start":{"line":48,"column":1},"end":{"line":56,"column":2}},{"start":{"line":48,"column":1},"end":{"line":56,"column":2}}],"line":48},"6":{"loc":{"start":{"line":51,"column":6},"end":{"line":56,"column":2}},"type":"if","locations":[{"start":{"line":51,"column":6},"end":{"line":56,"column":2}},{"start":{"line":51,"column":6},"end":{"line":56,"column":2}}],"line":51},"7":{"loc":{"start":{"line":59,"column":2},"end":{"line":61,"column":3}},"type":"if","locations":[{"start":{"line":59,"column":2},"end":{"line":61,"column":3}},{"start":{"line":59,"column":2},"end":{"line":61,"column":3}}],"line":59},"8":{"loc":{"start":{"line":59,"column":6},"end":{"line":59,"column":135}},"type":"binary-expr","locations":[{"start":{"line":59,"column":6},"end":{"line":59,"column":36}},{"start":{"line":59,"column":40},"end":{"line":59,"column":110}},{"start":{"line":59,"column":114},"end":{"line":59,"column":135}}],"line":59}},"s":{"0":1,"1":1,"2":1,"3":1,"4":1,"5":1,"6":0,"7":0,"8":0,"9":1,"10":1,"11":0,"12":0,"13":0,"14":1,"15":0,"16":1,"17":1,"18":0,"19":1,"20":0,"21":0,"22":1,"23":1,"24":1,"25":1},"f":{"0":1},"b":{"0":[1,0],"1":[0,0],"2":[1,0],"3":[1,1],"4":[0,0],"5":[0,1],"6":[1,0],"7":[0,0],"8":[0,0,0]},"_coverageSchema":"1a1c01bbd47fc00a2c39e90264f33305004495a9","hash":"65fd0963cd0129e5fb5cad53c0c2280a32a32668"}
}
