TN:
SF:src/task_1/index.js
FN:22,add
FNF:1
FNH:1
FNDA:1,add
DA:23,1
DA:24,1
DA:25,1
DA:27,1
DA:29,1
DA:30,1
DA:32,0
DA:33,0
DA:36,0
DA:39,1
DA:40,1
DA:41,0
DA:42,0
DA:45,0
DA:48,1
DA:49,0
DA:51,1
DA:52,1
DA:55,0
DA:58,1
DA:59,0
DA:60,0
DA:64,1
DA:65,1
DA:68,1
DA:69,1
LF:26
LH:16
BRDA:29,0,0,1
BRDA:29,0,1,0
BRDA:32,1,0,0
BRDA:32,1,1,0
BRDA:39,2,0,1
BRDA:39,2,1,0
BRDA:39,3,0,1
BRDA:39,3,1,1
BRDA:41,4,0,0
BRDA:41,4,1,0
BRDA:48,5,0,0
BRDA:48,5,1,1
BRDA:51,6,0,1
BRDA:51,6,1,0
BRDA:59,7,0,0
BRDA:59,7,1,0
BRDA:59,8,0,0
BRDA:59,8,1,0
BRDA:59,8,2,0
BRF:19
BRH:6
end_of_record
